2026-02-04 17:21:35.651 +08:00 [INF] ==============================================
2026-02-04 17:21:35.691 +08:00 [INF] Revit API Service - Starting
2026-02-04 17:21:35.693 +08:00 [INF] ==============================================
2026-02-04 17:21:35.741 +08:00 [INF] Configuration loaded from config.json
2026-02-04 17:21:35.744 +08:00 [INF] Initializing Revit application...
2026-02-04 17:21:35.744 +08:00 [INF] ✓ Revit application initialized successfully
2026-02-04 17:21:35.768 +08:00 [ERR] Error in HTTP server
System.Net.HttpListenerException (50): The request is not supported.
   at System.Net.HttpListener.AddPrefixCore(String registeredPrefix)
   at System.Net.HttpListener.AddAllPrefixes()
   at System.Net.HttpListener.Start()
   at RevitService.Program.StartHttpServer() in C:\MyDocuments\mcc-amplify-ai\revit_server\csharp_service\Program.cs:line 97
2026-02-04 17:21:35.787 +08:00 [ERR] Fatal error in main
System.ObjectDisposedException: Cannot access a disposed object.
Object name: 'System.Net.HttpListener'.
   at System.Net.HttpListener.Stop()
   at RevitService.Program.StartHttpServer() in C:\MyDocuments\mcc-amplify-ai\revit_server\csharp_service\Program.cs:line 122
   at RevitService.Program.Main(String[] args) in C:\MyDocuments\mcc-amplify-ai\revit_server\csharp_service\Program.cs:line 45
2026-02-04 17:21:35.791 +08:00 [INF] Shutting down Revit API Service
2026-02-04 17:23:05.813 +08:00 [INF] ==============================================
2026-02-04 17:23:05.847 +08:00 [INF] Revit API Service - Starting
2026-02-04 17:23:05.849 +08:00 [INF] ==============================================
2026-02-04 17:23:05.893 +08:00 [INF] Configuration loaded from config.json
2026-02-04 17:23:05.896 +08:00 [INF] Initializing Revit application...
2026-02-04 17:23:05.897 +08:00 [INF] ✓ Revit application initialized successfully
2026-02-04 17:23:05.914 +08:00 [ERR] Error in HTTP server
System.Net.HttpListenerException (50): The request is not supported.
   at System.Net.HttpListener.AddPrefixCore(String registeredPrefix)
   at System.Net.HttpListener.AddAllPrefixes()
   at System.Net.HttpListener.Start()
   at RevitService.Program.StartHttpServer() in C:\MyDocuments\mcc-amplify-ai\revit_server\csharp_service\Program.cs:line 97
2026-02-04 17:23:05.925 +08:00 [ERR] Fatal error in main
System.ObjectDisposedException: Cannot access a disposed object.
Object name: 'System.Net.HttpListener'.
   at System.Net.HttpListener.Stop()
   at RevitService.Program.StartHttpServer() in C:\MyDocuments\mcc-amplify-ai\revit_server\csharp_service\Program.cs:line 122
   at RevitService.Program.Main(String[] args) in C:\MyDocuments\mcc-amplify-ai\revit_server\csharp_service\Program.cs:line 45
2026-02-04 17:23:05.927 +08:00 [INF] Shutting down Revit API Service
2026-02-04 17:46:24.139 +08:00 [INF] ==============================================
2026-02-04 17:46:24.170 +08:00 [INF] Revit API Service - Starting
2026-02-04 17:46:24.173 +08:00 [INF] ==============================================
2026-02-04 17:46:24.214 +08:00 [INF] Configuration loaded from config.json
2026-02-04 17:46:24.217 +08:00 [INF] Initializing Revit application...
2026-02-04 17:46:24.218 +08:00 [INF] ✓ Revit application initialized successfully
2026-02-04 17:46:24.236 +08:00 [ERR] Error in HTTP server
System.Net.HttpListenerException (50): The request is not supported.
   at System.Net.HttpListener.AddPrefixCore(String registeredPrefix)
   at System.Net.HttpListener.AddAllPrefixes()
   at System.Net.HttpListener.Start()
   at RevitService.Program.StartHttpServer() in C:\MyDocuments\mcc-amplify-ai\revit_server\csharp_service\Program.cs:line 97
2026-02-04 17:46:24.250 +08:00 [ERR] Fatal error in main
System.ObjectDisposedException: Cannot access a disposed object.
Object name: 'System.Net.HttpListener'.
   at System.Net.HttpListener.Stop()
   at RevitService.Program.StartHttpServer() in C:\MyDocuments\mcc-amplify-ai\revit_server\csharp_service\Program.cs:line 122
   at RevitService.Program.Main(String[] args) in C:\MyDocuments\mcc-amplify-ai\revit_server\csharp_service\Program.cs:line 45
2026-02-04 17:46:24.253 +08:00 [INF] Shutting down Revit API Service
2026-02-04 17:52:40.908 +08:00 [INF] ==============================================
2026-02-04 17:52:40.946 +08:00 [INF] Revit API Service - Starting
2026-02-04 17:52:40.949 +08:00 [INF] ==============================================
2026-02-04 17:52:40.990 +08:00 [INF] Configuration loaded from config.json
2026-02-04 17:52:40.992 +08:00 [INF] Initializing Revit application...
2026-02-04 17:52:40.993 +08:00 [INF] ✓ Revit application initialized successfully
2026-02-04 17:52:41.010 +08:00 [ERR] Error in HTTP server
System.Net.HttpListenerException (50): The request is not supported.
   at System.Net.HttpListener.AddPrefixCore(String registeredPrefix)
   at System.Net.HttpListener.AddAllPrefixes()
   at System.Net.HttpListener.Start()
   at RevitService.Program.StartHttpServer() in C:\MyDocuments\mcc-amplify-ai\revit_server\csharp_service\Program.cs:line 97
2026-02-04 17:52:41.022 +08:00 [ERR] Fatal error in main
System.ObjectDisposedException: Cannot access a disposed object.
Object name: 'System.Net.HttpListener'.
   at System.Net.HttpListener.Stop()
   at RevitService.Program.StartHttpServer() in C:\MyDocuments\mcc-amplify-ai\revit_server\csharp_service\Program.cs:line 122
   at RevitService.Program.Main(String[] args) in C:\MyDocuments\mcc-amplify-ai\revit_server\csharp_service\Program.cs:line 45
2026-02-04 17:52:41.027 +08:00 [INF] Shutting down Revit API Service
2026-02-04 17:53:29.193 +08:00 [INF] ==============================================
2026-02-04 17:53:29.226 +08:00 [INF] Revit API Service - Starting
2026-02-04 17:53:29.229 +08:00 [INF] ==============================================
2026-02-04 17:53:29.277 +08:00 [INF] Configuration loaded from config.json
2026-02-04 17:53:29.280 +08:00 [INF] Initializing Revit application...
2026-02-04 17:53:29.281 +08:00 [INF] ✓ Revit application initialized successfully
2026-02-04 17:53:29.299 +08:00 [ERR] Error in HTTP server
System.Net.HttpListenerException (50): The request is not supported.
   at System.Net.HttpListener.AddPrefixCore(String registeredPrefix)
   at System.Net.HttpListener.AddAllPrefixes()
   at System.Net.HttpListener.Start()
   at RevitService.Program.StartHttpServer() in C:\MyDocuments\mcc-amplify-ai\revit_server\csharp_service\Program.cs:line 97
2026-02-04 17:53:29.311 +08:00 [ERR] Fatal error in main
System.ObjectDisposedException: Cannot access a disposed object.
Object name: 'System.Net.HttpListener'.
   at System.Net.HttpListener.Stop()
   at RevitService.Program.StartHttpServer() in C:\MyDocuments\mcc-amplify-ai\revit_server\csharp_service\Program.cs:line 122
   at RevitService.Program.Main(String[] args) in C:\MyDocuments\mcc-amplify-ai\revit_server\csharp_service\Program.cs:line 45
2026-02-04 17:53:29.315 +08:00 [INF] Shutting down Revit API Service
2026-02-04 17:55:26.248 +08:00 [INF] ==============================================
2026-02-04 17:55:26.281 +08:00 [INF] Revit API Service - Starting
2026-02-04 17:55:26.284 +08:00 [INF] ==============================================
2026-02-04 17:55:26.323 +08:00 [INF] Configuration loaded from config.json
2026-02-04 17:55:26.325 +08:00 [INF] Initializing Revit application...
2026-02-04 17:55:26.326 +08:00 [INF] ✓ Revit application initialized successfully
2026-02-04 17:55:26.344 +08:00 [ERR] Error in HTTP server
System.Net.HttpListenerException (50): The request is not supported.
   at System.Net.HttpListener.AddPrefixCore(String registeredPrefix)
   at System.Net.HttpListener.AddAllPrefixes()
   at System.Net.HttpListener.Start()
   at RevitService.Program.StartHttpServer() in C:\MyDocuments\mcc-amplify-ai\revit_server\csharp_service\Program.cs:line 97
2026-02-04 17:55:26.356 +08:00 [ERR] Fatal error in main
System.ObjectDisposedException: Cannot access a disposed object.
Object name: 'System.Net.HttpListener'.
   at System.Net.HttpListener.Stop()
   at RevitService.Program.StartHttpServer() in C:\MyDocuments\mcc-amplify-ai\revit_server\csharp_service\Program.cs:line 122
   at RevitService.Program.Main(String[] args) in C:\MyDocuments\mcc-amplify-ai\revit_server\csharp_service\Program.cs:line 45
2026-02-04 17:55:26.362 +08:00 [INF] Shutting down Revit API Service
2026-02-04 17:56:44.749 +08:00 [INF] ==============================================
2026-02-04 17:56:44.784 +08:00 [INF] Revit API Service - Starting
2026-02-04 17:56:44.786 +08:00 [INF] ==============================================
2026-02-04 17:56:44.832 +08:00 [INF] Configuration loaded from config.json
2026-02-04 17:56:44.834 +08:00 [INF] Initializing Revit application...
2026-02-04 17:56:44.836 +08:00 [INF] ✓ Revit application initialized successfully
2026-02-04 17:56:44.856 +08:00 [ERR] Error in HTTP server
System.Net.HttpListenerException (50): The request is not supported.
   at System.Net.HttpListener.AddPrefixCore(String registeredPrefix)
   at System.Net.HttpListener.AddAllPrefixes()
   at System.Net.HttpListener.Start()
   at RevitService.Program.StartHttpServer() in C:\MyDocuments\mcc-amplify-ai\revit_server\csharp_service\Program.cs:line 97
2026-02-04 17:56:44.872 +08:00 [ERR] Fatal error in main
System.ObjectDisposedException: Cannot access a disposed object.
Object name: 'System.Net.HttpListener'.
   at System.Net.HttpListener.Stop()
   at RevitService.Program.StartHttpServer() in C:\MyDocuments\mcc-amplify-ai\revit_server\csharp_service\Program.cs:line 122
   at RevitService.Program.Main(String[] args) in C:\MyDocuments\mcc-amplify-ai\revit_server\csharp_service\Program.cs:line 45
2026-02-04 17:56:44.874 +08:00 [INF] Shutting down Revit API Service
2026-02-04 17:57:32.321 +08:00 [INF] ==============================================
2026-02-04 17:57:32.356 +08:00 [INF] Revit API Service - Starting
2026-02-04 17:57:32.358 +08:00 [INF] ==============================================
2026-02-04 17:57:32.403 +08:00 [INF] Configuration loaded from config.json
2026-02-04 17:57:32.406 +08:00 [INF] Initializing Revit application...
2026-02-04 17:57:32.408 +08:00 [INF] ✓ Revit application initialized successfully
2026-02-04 17:57:32.426 +08:00 [ERR] Error in HTTP server
System.Net.HttpListenerException (50): The request is not supported.
   at System.Net.HttpListener.AddPrefixCore(String registeredPrefix)
   at System.Net.HttpListener.AddAllPrefixes()
   at System.Net.HttpListener.Start()
   at RevitService.Program.StartHttpServer() in C:\MyDocuments\mcc-amplify-ai\revit_server\csharp_service\Program.cs:line 97
2026-02-04 17:57:32.438 +08:00 [ERR] Fatal error in main
System.ObjectDisposedException: Cannot access a disposed object.
Object name: 'System.Net.HttpListener'.
   at System.Net.HttpListener.Stop()
   at RevitService.Program.StartHttpServer() in C:\MyDocuments\mcc-amplify-ai\revit_server\csharp_service\Program.cs:line 122
   at RevitService.Program.Main(String[] args) in C:\MyDocuments\mcc-amplify-ai\revit_server\csharp_service\Program.cs:line 45
2026-02-04 17:57:32.441 +08:00 [INF] Shutting down Revit API Service
2026-02-04 18:00:56.342 +08:00 [INF] ==============================================
2026-02-04 18:00:56.375 +08:00 [INF] Revit API Service - Starting
2026-02-04 18:00:56.377 +08:00 [INF] ==============================================
2026-02-04 18:00:56.418 +08:00 [INF] Configuration loaded from config.json
2026-02-04 18:00:56.420 +08:00 [INF] Initializing Revit application...
2026-02-04 18:00:56.421 +08:00 [INF] ✓ Revit application initialized successfully
2026-02-04 18:00:56.437 +08:00 [ERR] Error in HTTP server
System.Net.HttpListenerException (50): The request is not supported.
   at System.Net.HttpListener.AddPrefixCore(String registeredPrefix)
   at System.Net.HttpListener.AddAllPrefixes()
   at System.Net.HttpListener.Start()
   at RevitService.Program.StartHttpServer() in C:\MyDocuments\mcc-amplify-ai\revit_server\csharp_service\Program.cs:line 97
2026-02-04 18:00:56.448 +08:00 [ERR] Fatal error in main
System.ObjectDisposedException: Cannot access a disposed object.
Object name: 'System.Net.HttpListener'.
   at System.Net.HttpListener.Stop()
   at RevitService.Program.StartHttpServer() in C:\MyDocuments\mcc-amplify-ai\revit_server\csharp_service\Program.cs:line 122
   at RevitService.Program.Main(String[] args) in C:\MyDocuments\mcc-amplify-ai\revit_server\csharp_service\Program.cs:line 45
2026-02-04 18:00:56.453 +08:00 [INF] Shutting down Revit API Service
2026-02-04 18:05:35.420 +08:00 [INF] ==============================================
2026-02-04 18:05:35.452 +08:00 [INF] Revit API Service - Starting
2026-02-04 18:05:35.454 +08:00 [INF] ==============================================
2026-02-04 18:05:35.501 +08:00 [INF] Configuration loaded from config.json
2026-02-04 18:05:35.503 +08:00 [INF] Initializing Revit application...
2026-02-04 18:05:35.504 +08:00 [INF] ✓ Revit application initialized successfully
2026-02-04 18:05:35.522 +08:00 [ERR] Error in HTTP server
System.Net.HttpListenerException (50): The request is not supported.
   at System.Net.HttpListener.AddPrefixCore(String registeredPrefix)
   at System.Net.HttpListener.AddAllPrefixes()
   at System.Net.HttpListener.Start()
   at RevitService.Program.StartHttpServer() in C:\MyDocuments\mcc-amplify-ai\revit_server\csharp_service\Program.cs:line 97
2026-02-04 18:05:35.531 +08:00 [ERR] Fatal error in main
System.ObjectDisposedException: Cannot access a disposed object.
Object name: 'System.Net.HttpListener'.
   at System.Net.HttpListener.Stop()
   at RevitService.Program.StartHttpServer() in C:\MyDocuments\mcc-amplify-ai\revit_server\csharp_service\Program.cs:line 122
   at RevitService.Program.Main(String[] args) in C:\MyDocuments\mcc-amplify-ai\revit_server\csharp_service\Program.cs:line 45
2026-02-04 18:05:35.533 +08:00 [INF] Shutting down Revit API Service
2026-02-04 18:07:13.964 +08:00 [INF] ==============================================
2026-02-04 18:07:13.999 +08:00 [INF] Revit API Service - Starting
2026-02-04 18:07:14.002 +08:00 [INF] ==============================================
2026-02-04 18:07:14.045 +08:00 [INF] Configuration loaded from config.json
2026-02-04 18:07:14.048 +08:00 [INF] Initializing Revit application...
2026-02-04 18:07:14.048 +08:00 [INF] ✓ Revit application initialized successfully
2026-02-04 18:07:14.065 +08:00 [ERR] Error in HTTP server
System.Net.HttpListenerException (50): The request is not supported.
   at System.Net.HttpListener.AddPrefixCore(String registeredPrefix)
   at System.Net.HttpListener.AddAllPrefixes()
   at System.Net.HttpListener.Start()
   at RevitService.Program.StartHttpServer() in C:\MyDocuments\mcc-amplify-ai\revit_server\csharp_service\Program.cs:line 97
2026-02-04 18:07:14.077 +08:00 [ERR] Fatal error in main
System.ObjectDisposedException: Cannot access a disposed object.
Object name: 'System.Net.HttpListener'.
   at System.Net.HttpListener.Stop()
   at RevitService.Program.StartHttpServer() in C:\MyDocuments\mcc-amplify-ai\revit_server\csharp_service\Program.cs:line 122
   at RevitService.Program.Main(String[] args) in C:\MyDocuments\mcc-amplify-ai\revit_server\csharp_service\Program.cs:line 45
2026-02-04 18:07:14.082 +08:00 [INF] Shutting down Revit API Service
2026-02-04 18:20:49.711 +08:00 [INF] ==============================================
2026-02-04 18:20:49.743 +08:00 [INF] Revit API Service - Starting
2026-02-04 18:20:49.746 +08:00 [INF] ==============================================
2026-02-04 18:20:49.788 +08:00 [INF] Configuration loaded from config.json
2026-02-04 18:20:49.790 +08:00 [INF] Initializing Revit application...
2026-02-04 18:20:49.791 +08:00 [INF] ✓ Revit application initialized successfully
2026-02-04 18:20:49.807 +08:00 [INF] ✓ HTTP Server started on http://+:5000/
2026-02-04 18:20:49.808 +08:00 [INF] Ready to receive build requests!
2026-02-04 18:20:49.808 +08:00 [INF] ==============================================
2026-02-04 18:25:08.714 +08:00 [INF] Request: GET /health
2026-02-04 18:25:08.715 +08:00 [WRN] Unauthorized request - invalid API key
